0 info it worked if it ends with ok
1 verbose cli [ 'node', '/usr/local/bin/npm', 'install', 'qr-js' ]
2 info using npm@1.4.13
3 info using node@v0.10.21
4 verbose cache add [ 'qr-js', null ]
5 verbose cache add name=undefined spec="qr-js" args=["qr-js",null]
6 verbose parsed url { protocol: null,
6 verbose parsed url   slashes: null,
6 verbose parsed url   auth: null,
6 verbose parsed url   host: null,
6 verbose parsed url   port: null,
6 verbose parsed url   hostname: null,
6 verbose parsed url   hash: null,
6 verbose parsed url   search: null,
6 verbose parsed url   query: null,
6 verbose parsed url   pathname: 'qr-js',
6 verbose parsed url   path: 'qr-js',
6 verbose parsed url   href: 'qr-js' }
7 silly lockFile 790602aa-qr-js qr-js
8 verbose lock qr-js /Users/jbenet/.npm/790602aa-qr-js.lock
9 silly lockFile 790602aa-qr-js qr-js
10 silly lockFile 790602aa-qr-js qr-js
11 verbose addNamed [ 'qr-js', '' ]
12 verbose addNamed [ null, '*' ]
13 silly lockFile 106005be-qr-js qr-js@
14 verbose lock qr-js@ /Users/jbenet/.npm/106005be-qr-js.lock
15 silly addNameRange { name: 'qr-js', range: '*', hasData: false }
16 verbose url raw qr-js
17 verbose url resolving [ 'https://registry.npmjs.org/', './qr-js' ]
18 verbose url resolved https://registry.npmjs.org/qr-js
19 info trying registry request attempt 1 at 15:53:46
20 verbose etag "6U5PU0HDE5Z3PCLUYPGPWVK59"
21 http GET https://registry.npmjs.org/qr-js
22 http 304 https://registry.npmjs.org/qr-js
23 silly registry.get cb [ 304,
23 silly registry.get   { date: 'Mon, 26 Jan 2015 23:53:47 GMT',
23 silly registry.get     server: 'Apache',
23 silly registry.get     via: '1.1 varnish',
23 silly registry.get     'last-modified': 'Mon, 26 Jan 2015 23:53:47 GMT',
23 silly registry.get     'cache-control': 'max-age=60',
23 silly registry.get     etag: '"6U5PU0HDE5Z3PCLUYPGPWVK59"',
23 silly registry.get     age: '15',
23 silly registry.get     'x-served-by': 'cache-sjc3132-SJC',
23 silly registry.get     'x-cache': 'HIT',
23 silly registry.get     'x-cache-hits': '1',
23 silly registry.get     'x-timer': 'S1422316427.415520,VS0,VE0',
23 silly registry.get     vary: 'Accept',
23 silly registry.get     'content-length': '0',
23 silly registry.get     'keep-alive': 'timeout=10, max=50',
23 silly registry.get     connection: 'Keep-Alive' } ]
24 verbose etag qr-js from cache
25 silly addNameRange number 2 { name: 'qr-js', range: '*', hasData: true }
26 silly addNameRange versions [ 'qr-js', [ '1.1.0', '1.1.1', '1.1.2' ] ]
27 verbose addNamed [ 'qr-js', '1.1.2' ]
28 verbose addNamed [ '1.1.2', '1.1.2' ]
29 silly lockFile 0cf76f6d-qr-js-1-1-2 qr-js@1.1.2
30 verbose lock qr-js@1.1.2 /Users/jbenet/.npm/0cf76f6d-qr-js-1-1-2.lock
31 silly lockFile 0cf76f6d-qr-js-1-1-2 qr-js@1.1.2
32 silly lockFile 0cf76f6d-qr-js-1-1-2 qr-js@1.1.2
33 silly lockFile 106005be-qr-js qr-js@
34 silly lockFile 106005be-qr-js qr-js@
35 silly resolved [ { name: 'qr-js',
35 silly resolved     version: '1.1.2',
35 silly resolved     description: 'Library for QR code generation using canvas',
35 silly resolved     homepage: 'http://neocotic.com/qr.js',
35 silly resolved     bugs: { url: 'https://github.com/neocotic/qr.js/issues' },
35 silly resolved     author:
35 silly resolved      { name: 'Alasdair Mercer',
35 silly resolved        email: 'mercer.alasdair@gmail.com',
35 silly resolved        url: 'http://neocotic.com' },
35 silly resolved     licenses: [ [Object] ],
35 silly resolved     keywords: [ 'qr', 'code', 'encode', 'canvas', 'image' ],
35 silly resolved     repository: { type: 'git', url: 'git://github.com/neocotic/qr.js.git' },
35 silly resolved     dependencies: { canvas: '~1.1.3' },
35 silly resolved     devDependencies:
35 silly resolved      { grunt: '~0.4.4',
35 silly resolved        'grunt-contrib-jshint': '~0.10.0',
35 silly resolved        'grunt-contrib-uglify': '~0.4.0',
35 silly resolved        'grunt-docco': '~0.3.3' },
35 silly resolved     main: 'qr.js',
35 silly resolved     scripts: { test: 'grunt test' },
35 silly resolved     _id: 'qr-js@1.1.2',
35 silly resolved     dist:
35 silly resolved      { shasum: 'b25a0cf6601bc3dbc25f0f8137f5aca8c0497603',
35 silly resolved        tarball: 'http://registry.npmjs.org/qr-js/-/qr-js-1.1.2.tgz' },
35 silly resolved     _from: 'qr-js@',
35 silly resolved     _npmVersion: '1.4.3',
35 silly resolved     _npmUser: { name: 'neocotic', email: 'mercer.alasdair@gmail.com' },
35 silly resolved     maintainers: [ [Object] ],
35 silly resolved     directories: {},
35 silly resolved     _shasum: 'b25a0cf6601bc3dbc25f0f8137f5aca8c0497603',
35 silly resolved     _resolved: 'https://registry.npmjs.org/qr-js/-/qr-js-1.1.2.tgz',
35 silly resolved     readme: 'ERROR: No README data found!' } ]
36 info install qr-js@1.1.2 into /Users/jbenet/git/ipfs/ipfs-app-examples/qr-render
37 info installOne qr-js@1.1.2
38 info /Users/jbenet/git/ipfs/ipfs-app-examples/qr-render/node_modules/qr-js unbuild
39 verbose tar unpack /Users/jbenet/.npm/qr-js/1.1.2/package.tgz
40 silly lockFile 57afe60c-les-qr-render-node-modules-qr-js tar:///Users/jbenet/git/ipfs/ipfs-app-examples/qr-render/node_modules/qr-js
41 verbose lock tar:///Users/jbenet/git/ipfs/ipfs-app-examples/qr-render/node_modules/qr-js /Users/jbenet/.npm/57afe60c-les-qr-render-node-modules-qr-js.lock
42 silly lockFile e7c7068d-enet-npm-qr-js-1-1-2-package-tgz tar:///Users/jbenet/.npm/qr-js/1.1.2/package.tgz
43 verbose lock tar:///Users/jbenet/.npm/qr-js/1.1.2/package.tgz /Users/jbenet/.npm/e7c7068d-enet-npm-qr-js-1-1-2-package-tgz.lock
44 silly gunzTarPerm modes [ '755', '644' ]
45 silly gunzTarPerm extractEntry package.json
46 silly gunzTarPerm extractEntry .npmignore
47 silly gunzTarPerm extractEntry README.md
48 silly gunzTarPerm extractEntry Gruntfile.js
49 silly gunzTarPerm extractEntry qr.js
50 silly gunzTarPerm extractEntry qr.min.js
51 silly gunzTarPerm extractEntry LICENSE.md
52 silly gunzTarPerm extractEntry AUTHORS.md
53 silly gunzTarPerm extractEntry CHANGES.md
54 silly gunzTarPerm extractEntry bower.json
55 silly gunzTarPerm extractEntry docs/docco.css
56 silly gunzTarPerm extractEntry docs/public/fonts/aller-bold.eot
57 silly gunzTarPerm extractEntry docs/public/fonts/aller-bold.ttf
58 silly gunzTarPerm extractEntry docs/public/fonts/aller-bold.woff
59 silly gunzTarPerm extractEntry docs/public/fonts/aller-light.eot
60 silly gunzTarPerm extractEntry docs/public/fonts/aller-light.ttf
61 silly gunzTarPerm extractEntry docs/public/fonts/aller-light.woff
62 silly gunzTarPerm extractEntry docs/public/fonts/novecento-bold.eot
63 silly gunzTarPerm extractEntry docs/public/fonts/novecento-bold.ttf
64 silly gunzTarPerm extractEntry docs/public/fonts/novecento-bold.woff
65 silly gunzTarPerm extractEntry docs/public/stylesheets/normalize.css
66 silly gunzTarPerm extractEntry docs/qr.html
67 silly gunzTarPerm extractEntry CONTRIBUTING.md
68 silly gunzTarPerm extractEntry .jshintrc
69 silly gunzTarPerm extractEntry INSTALL.md
70 silly gunzTarPerm extractEntry qr.min.map
71 silly lockFile 57afe60c-les-qr-render-node-modules-qr-js tar:///Users/jbenet/git/ipfs/ipfs-app-examples/qr-render/node_modules/qr-js
72 silly lockFile 57afe60c-les-qr-render-node-modules-qr-js tar:///Users/jbenet/git/ipfs/ipfs-app-examples/qr-render/node_modules/qr-js
73 silly lockFile e7c7068d-enet-npm-qr-js-1-1-2-package-tgz tar:///Users/jbenet/.npm/qr-js/1.1.2/package.tgz
74 silly lockFile e7c7068d-enet-npm-qr-js-1-1-2-package-tgz tar:///Users/jbenet/.npm/qr-js/1.1.2/package.tgz
75 info preinstall qr-js@1.1.2
76 verbose readDependencies using package.json deps
77 verbose readDependencies using package.json deps
78 verbose cache add [ 'canvas@~1.1.3', null ]
79 verbose cache add name=undefined spec="canvas@~1.1.3" args=["canvas@~1.1.3",null]
80 verbose parsed url { protocol: null,
80 verbose parsed url   slashes: null,
80 verbose parsed url   auth: null,
80 verbose parsed url   host: null,
80 verbose parsed url   port: null,
80 verbose parsed url   hostname: null,
80 verbose parsed url   hash: null,
80 verbose parsed url   search: null,
80 verbose parsed url   query: null,
80 verbose parsed url   pathname: 'canvas@~1.1.3',
80 verbose parsed url   path: 'canvas@~1.1.3',
80 verbose parsed url   href: 'canvas@~1.1.3' }
81 verbose cache add name="canvas" spec="~1.1.3" args=["canvas","~1.1.3"]
82 verbose parsed url { protocol: null,
82 verbose parsed url   slashes: null,
82 verbose parsed url   auth: null,
82 verbose parsed url   host: null,
82 verbose parsed url   port: null,
82 verbose parsed url   hostname: null,
82 verbose parsed url   hash: null,
82 verbose parsed url   search: null,
82 verbose parsed url   query: null,
82 verbose parsed url   pathname: '~1.1.3',
82 verbose parsed url   path: '~1.1.3',
82 verbose parsed url   href: '~1.1.3' }
83 verbose addNamed [ 'canvas', '~1.1.3' ]
84 verbose addNamed [ null, '>=1.1.3-0 <1.2.0-0' ]
85 silly lockFile 0254fa15-canvas-1-1-3 canvas@~1.1.3
86 verbose lock canvas@~1.1.3 /Users/jbenet/.npm/0254fa15-canvas-1-1-3.lock
87 silly addNameRange { name: 'canvas', range: '>=1.1.3-0 <1.2.0-0', hasData: false }
88 verbose url raw canvas
89 verbose url resolving [ 'https://registry.npmjs.org/', './canvas' ]
90 verbose url resolved https://registry.npmjs.org/canvas
91 info trying registry request attempt 1 at 15:53:46
92 verbose etag "APCCUKDRNCBQHUOP34T3G3SCU"
93 http GET https://registry.npmjs.org/canvas
94 http 304 https://registry.npmjs.org/canvas
95 silly registry.get cb [ 304,
95 silly registry.get   { date: 'Mon, 26 Jan 2015 23:53:47 GMT',
95 silly registry.get     server: 'Apache',
95 silly registry.get     via: '1.1 varnish',
95 silly registry.get     'last-modified': 'Mon, 26 Jan 2015 23:53:47 GMT',
95 silly registry.get     'cache-control': 'max-age=60',
95 silly registry.get     etag: '"APCCUKDRNCBQHUOP34T3G3SCU"',
95 silly registry.get     age: '26',
95 silly registry.get     'x-served-by': 'cache-sjc3120-SJC',
95 silly registry.get     'x-cache': 'HIT',
95 silly registry.get     'x-cache-hits': '1',
95 silly registry.get     'x-timer': 'S1422316427.666836,VS0,VE0',
95 silly registry.get     vary: 'Accept',
95 silly registry.get     'content-length': '0',
95 silly registry.get     'keep-alive': 'timeout=10, max=50',
95 silly registry.get     connection: 'Keep-Alive' } ]
96 verbose etag canvas from cache
97 silly addNameRange number 2 { name: 'canvas', range: '>=1.1.3-0 <1.2.0-0', hasData: true }
98 silly addNameRange versions [ 'canvas',
98 silly addNameRange   [ '0.0.1',
98 silly addNameRange     '0.0.2',
98 silly addNameRange     '0.0.3',
98 silly addNameRange     '0.0.4',
98 silly addNameRange     '0.0.5',
98 silly addNameRange     '0.0.6',
98 silly addNameRange     '0.0.7',
98 silly addNameRange     '0.0.8',
98 silly addNameRange     '0.1.0',
98 silly addNameRange     '0.2.0',
98 silly addNameRange     '0.2.1',
98 silly addNameRange     '0.3.0',
98 silly addNameRange     '0.3.1',
98 silly addNameRange     '0.3.2',
98 silly addNameRange     '0.3.3',
98 silly addNameRange     '0.4.0',
98 silly addNameRange     '0.4.1',
98 silly addNameRange     '0.4.2',
98 silly addNameRange     '0.4.3',
98 silly addNameRange     '0.5.0',
98 silly addNameRange     '0.5.1',
98 silly addNameRange     '0.5.2',
98 silly addNameRange     '0.5.3',
98 silly addNameRange     '0.5.4',
98 silly addNameRange     '0.6.0',
98 silly addNameRange     '0.7.0',
98 silly addNameRange     '0.7.1',
98 silly addNameRange     '0.7.2',
98 silly addNameRange     '0.7.3',
98 silly addNameRange     '0.8.0',
98 silly addNameRange     '0.8.1',
98 silly addNameRange     '0.8.2',
98 silly addNameRange     '0.8.3',
98 silly addNameRange     '0.9.0',
98 silly addNameRange     '0.10.0',
98 silly addNameRange     '0.10.1',
98 silly addNameRange     '0.10.2',
98 silly addNameRange     '0.10.3',
98 silly addNameRange     '0.11.0',
98 silly addNameRange     '0.11.1',
98 silly addNameRange     '0.11.2',
98 silly addNameRange     '0.11.3',
98 silly addNameRange     '0.12.0',
98 silly addNameRange     '0.12.1',
98 silly addNameRange     '0.13.0',
98 silly addNameRange     '0.13.1',
98 silly addNameRange     '1.0.0',
98 silly addNameRange     '1.0.1',
98 silly addNameRange     '1.0.2',
98 silly addNameRange     '1.0.3',
98 silly addNameRange     '1.0.4',
98 silly addNameRange     '1.1.0',
98 silly addNameRange     '1.1.1',
98 silly addNameRange     '1.1.2',
98 silly addNameRange     '1.1.3',
98 silly addNameRange     '1.1.4',
98 silly addNameRange     '1.1.5',
98 silly addNameRange     '1.1.6' ] ]
99 verbose addNamed [ 'canvas', '1.1.6' ]
100 verbose addNamed [ '1.1.6', '1.1.6' ]
101 silly lockFile 4f76786f-canvas-1-1-6 canvas@1.1.6
102 verbose lock canvas@1.1.6 /Users/jbenet/.npm/4f76786f-canvas-1-1-6.lock
103 silly lockFile 4f76786f-canvas-1-1-6 canvas@1.1.6
104 silly lockFile 4f76786f-canvas-1-1-6 canvas@1.1.6
105 silly lockFile 0254fa15-canvas-1-1-3 canvas@~1.1.3
106 silly lockFile 0254fa15-canvas-1-1-3 canvas@~1.1.3
107 silly resolved [ { name: 'canvas',
107 silly resolved     description: 'Canvas graphics API backed by Cairo',
107 silly resolved     version: '1.1.6',
107 silly resolved     author: { name: 'TJ Holowaychuk', email: 'tj@learnboost.com' },
107 silly resolved     contributors: [ [Object], [Object], [Object] ],
107 silly resolved     keywords:
107 silly resolved      [ 'canvas',
107 silly resolved        'graphic',
107 silly resolved        'graphics',
107 silly resolved        'pixman',
107 silly resolved        'cairo',
107 silly resolved        'image',
107 silly resolved        'images',
107 silly resolved        'pdf' ],
107 silly resolved     homepage: 'https://github.com/learnboost/node-canvas',
107 silly resolved     repository: { type: 'git', url: 'git://github.com/learnboost/node-canvas' },
107 silly resolved     scripts: { test: 'make test', install: 'node-gyp rebuild' },
107 silly resolved     dependencies: { nan: '~1.2.0' },
107 silly resolved     devDependencies: { express: '3.0', jade: '0.28.1', mocha: '*', should: '*' },
107 silly resolved     engines: { node: '>= 0.6.0' },
107 silly resolved     main: './lib/canvas.js',
107 silly resolved     gypfile: true,
107 silly resolved     gitHead: '138abe9aa30b75e8406ceddd9177bff20ac44ceb',
107 silly resolved     bugs: { url: 'https://github.com/learnboost/node-canvas/issues' },
107 silly resolved     _id: 'canvas@1.1.6',
107 silly resolved     _shasum: 'd84b088f3bcd3840fe14977cd3625f5fe89f81ee',
107 silly resolved     _from: 'canvas@~1.1.3',
107 silly resolved     _npmVersion: '1.4.21',
107 silly resolved     _npmUser: { name: 'tootallnate', email: 'nathan@tootallnate.net' },
107 silly resolved     maintainers: [ [Object], [Object], [Object], [Object] ],
107 silly resolved     dist:
107 silly resolved      { shasum: 'd84b088f3bcd3840fe14977cd3625f5fe89f81ee',
107 silly resolved        tarball: 'http://registry.npmjs.org/canvas/-/canvas-1.1.6.tgz' },
107 silly resolved     directories: {},
107 silly resolved     _resolved: 'https://registry.npmjs.org/canvas/-/canvas-1.1.6.tgz',
107 silly resolved     readme: 'ERROR: No README data found!' } ]
108 info install canvas@1.1.6 into /Users/jbenet/git/ipfs/ipfs-app-examples/qr-render/node_modules/qr-js
109 info installOne canvas@1.1.6
110 info /Users/jbenet/git/ipfs/ipfs-app-examples/qr-render/node_modules/qr-js/node_modules/canvas unbuild
111 verbose tar unpack /Users/jbenet/.npm/canvas/1.1.6/package.tgz
112 silly lockFile 766b3561-odules-qr-js-node-modules-canvas tar:///Users/jbenet/git/ipfs/ipfs-app-examples/qr-render/node_modules/qr-js/node_modules/canvas
113 verbose lock tar:///Users/jbenet/git/ipfs/ipfs-app-examples/qr-render/node_modules/qr-js/node_modules/canvas /Users/jbenet/.npm/766b3561-odules-qr-js-node-modules-canvas.lock
114 silly lockFile b314e63e-net-npm-canvas-1-1-6-package-tgz tar:///Users/jbenet/.npm/canvas/1.1.6/package.tgz
115 verbose lock tar:///Users/jbenet/.npm/canvas/1.1.6/package.tgz /Users/jbenet/.npm/b314e63e-net-npm-canvas-1-1-6-package-tgz.lock
116 silly gunzTarPerm modes [ '755', '644' ]
117 silly gunzTarPerm extractEntry package.json
118 silly gunzTarPerm extractEntry .npmignore
119 silly gunzTarPerm extractEntry index.js
120 silly gunzTarPerm extractEntry History.md
121 silly gunzTarPerm extractEntry Makefile
122 silly gunzTarPerm extractEntry Readme.md
123 silly gunzTarPerm extractEntry binding.gyp
124 silly gunzTarPerm extractEntry .gitmodules
125 silly gunzTarPerm extractEntry install
126 silly gunzTarPerm extractEntry lib/bindings.js
127 silly gunzTarPerm extractEntry lib/canvas.js
128 silly gunzTarPerm extractEntry lib/context2d.js
129 silly gunzTarPerm extractEntry lib/image.js
130 silly gunzTarPerm extractEntry lib/jpegstream.js
131 silly gunzTarPerm extractEntry lib/pixelarray.js
132 silly gunzTarPerm extractEntry lib/pngstream.js
133 silly gunzTarPerm extractEntry src/Image.h
134 silly gunzTarPerm extractEntry src/Canvas.cc
135 silly gunzTarPerm extractEntry src/CanvasGradient.cc
136 silly gunzTarPerm extractEntry src/CanvasGradient.h
137 silly gunzTarPerm extractEntry src/CanvasPattern.cc
138 silly gunzTarPerm extractEntry src/CanvasPattern.h
139 silly gunzTarPerm extractEntry src/CanvasRenderingContext2d.cc
140 silly gunzTarPerm extractEntry src/CanvasRenderingContext2d.h
141 silly gunzTarPerm extractEntry src/FontFace.cc
142 silly gunzTarPerm extractEntry src/FontFace.h
143 silly gunzTarPerm extractEntry src/Image.cc
144 silly gunzTarPerm extractEntry src/Canvas.h
145 silly gunzTarPerm extractEntry src/ImageData.cc
146 silly gunzTarPerm extractEntry src/ImageData.h
147 silly gunzTarPerm extractEntry src/JPEGStream.h
148 silly gunzTarPerm extractEntry src/PNG.h
149 silly gunzTarPerm extractEntry src/PixelArray.cc
150 silly gunzTarPerm extractEntry src/PixelArray.h
151 silly gunzTarPerm extractEntry src/Point.h
152 silly gunzTarPerm extractEntry src/closure.h
153 silly gunzTarPerm extractEntry src/color.cc
154 silly gunzTarPerm extractEntry src/color.h
155 silly gunzTarPerm extractEntry src/init.cc
156 silly gunzTarPerm extractEntry .travis.yml
157 silly gunzTarPerm extractEntry util/cairo_include.sh
158 silly gunzTarPerm extractEntry util/has_cairo_freetype.sh
159 silly gunzTarPerm extractEntry util/has_lib.sh
160 silly gunzTarPerm extractEntry util/lib_lookup.sh
161 silly lockFile 766b3561-odules-qr-js-node-modules-canvas tar:///Users/jbenet/git/ipfs/ipfs-app-examples/qr-render/node_modules/qr-js/node_modules/canvas
162 silly lockFile 766b3561-odules-qr-js-node-modules-canvas tar:///Users/jbenet/git/ipfs/ipfs-app-examples/qr-render/node_modules/qr-js/node_modules/canvas
163 silly lockFile b314e63e-net-npm-canvas-1-1-6-package-tgz tar:///Users/jbenet/.npm/canvas/1.1.6/package.tgz
164 silly lockFile b314e63e-net-npm-canvas-1-1-6-package-tgz tar:///Users/jbenet/.npm/canvas/1.1.6/package.tgz
165 info preinstall canvas@1.1.6
166 verbose readDependencies using package.json deps
167 verbose readDependencies using package.json deps
168 verbose cache add [ 'nan@~1.2.0', null ]
169 verbose cache add name=undefined spec="nan@~1.2.0" args=["nan@~1.2.0",null]
170 verbose parsed url { protocol: null,
170 verbose parsed url   slashes: null,
170 verbose parsed url   auth: null,
170 verbose parsed url   host: null,
170 verbose parsed url   port: null,
170 verbose parsed url   hostname: null,
170 verbose parsed url   hash: null,
170 verbose parsed url   search: null,
170 verbose parsed url   query: null,
170 verbose parsed url   pathname: 'nan@~1.2.0',
170 verbose parsed url   path: 'nan@~1.2.0',
170 verbose parsed url   href: 'nan@~1.2.0' }
171 verbose cache add name="nan" spec="~1.2.0" args=["nan","~1.2.0"]
172 verbose parsed url { protocol: null,
172 verbose parsed url   slashes: null,
172 verbose parsed url   auth: null,
172 verbose parsed url   host: null,
172 verbose parsed url   port: null,
172 verbose parsed url   hostname: null,
172 verbose parsed url   hash: null,
172 verbose parsed url   search: null,
172 verbose parsed url   query: null,
172 verbose parsed url   pathname: '~1.2.0',
172 verbose parsed url   path: '~1.2.0',
172 verbose parsed url   href: '~1.2.0' }
173 verbose addNamed [ 'nan', '~1.2.0' ]
174 verbose addNamed [ null, '>=1.2.0-0 <1.3.0-0' ]
175 silly lockFile 6bb36ab7-nan-1-2-0 nan@~1.2.0
176 verbose lock nan@~1.2.0 /Users/jbenet/.npm/6bb36ab7-nan-1-2-0.lock
177 silly addNameRange { name: 'nan', range: '>=1.2.0-0 <1.3.0-0', hasData: false }
178 verbose url raw nan
179 verbose url resolving [ 'https://registry.npmjs.org/', './nan' ]
180 verbose url resolved https://registry.npmjs.org/nan
181 info trying registry request attempt 1 at 15:53:46
182 verbose etag "CX5M8H2MF3JXKGJK85Z771HW0"
183 http GET https://registry.npmjs.org/nan
184 http 304 https://registry.npmjs.org/nan
185 silly registry.get cb [ 304,
185 silly registry.get   { date: 'Mon, 26 Jan 2015 23:53:47 GMT',
185 silly registry.get     server: 'Apache',
185 silly registry.get     via: '1.1 varnish',
185 silly registry.get     'last-modified': 'Mon, 26 Jan 2015 23:53:35 GMT',
185 silly registry.get     'cache-control': 'max-age=60',
185 silly registry.get     etag: '"CX5M8H2MF3JXKGJK85Z771HW0"',
185 silly registry.get     age: '34',
185 silly registry.get     'x-served-by': 'cache-sjc3124-SJC',
185 silly registry.get     'x-cache': 'HIT',
185 silly registry.get     'x-cache-hits': '2',
185 silly registry.get     'x-timer': 'S1422316427.875955,VS0,VE0',
185 silly registry.get     vary: 'Accept',
185 silly registry.get     'content-length': '0',
185 silly registry.get     'keep-alive': 'timeout=10, max=50',
185 silly registry.get     connection: 'Keep-Alive' } ]
186 verbose etag nan from cache
187 silly addNameRange number 2 { name: 'nan', range: '>=1.2.0-0 <1.3.0-0', hasData: true }
188 silly addNameRange versions [ 'nan',
188 silly addNameRange   [ '0.3.0-wip',
188 silly addNameRange     '0.3.0-wip2',
188 silly addNameRange     '0.3.0',
188 silly addNameRange     '0.3.1',
188 silly addNameRange     '0.3.2',
188 silly addNameRange     '0.4.0',
188 silly addNameRange     '0.4.1',
188 silly addNameRange     '0.4.2',
188 silly addNameRange     '0.4.3',
188 silly addNameRange     '0.4.4',
188 silly addNameRange     '0.5.0',
188 silly addNameRange     '0.5.1',
188 silly addNameRange     '0.5.2',
188 silly addNameRange     '0.6.0',
188 silly addNameRange     '0.7.0',
188 silly addNameRange     '0.7.1',
188 silly addNameRange     '0.8.0',
188 silly addNameRange     '1.0.0',
188 silly addNameRange     '1.1.0',
188 silly addNameRange     '1.1.1',
188 silly addNameRange     '1.1.2',
188 silly addNameRange     '1.2.0',
188 silly addNameRange     '1.3.0',
188 silly addNameRange     '1.4.0',
188 silly addNameRange     '1.4.1',
188 silly addNameRange     '1.5.0',
188 silly addNameRange     '1.4.2',
188 silly addNameRange     '1.4.3',
188 silly addNameRange     '1.5.1',
188 silly addNameRange     '1.5.2',
188 silly addNameRange     '1.6.0',
188 silly addNameRange     '1.5.3',
188 silly addNameRange     '1.6.1' ] ]
189 verbose addNamed [ 'nan', '1.2.0' ]
190 verbose addNamed [ '1.2.0', '1.2.0' ]
191 silly lockFile 859d0f28-nan-1-2-0 nan@1.2.0
192 verbose lock nan@1.2.0 /Users/jbenet/.npm/859d0f28-nan-1-2-0.lock
193 silly lockFile 859d0f28-nan-1-2-0 nan@1.2.0
194 silly lockFile 859d0f28-nan-1-2-0 nan@1.2.0
195 silly lockFile 6bb36ab7-nan-1-2-0 nan@~1.2.0
196 silly lockFile 6bb36ab7-nan-1-2-0 nan@~1.2.0
197 silly resolved [ { name: 'nan',
197 silly resolved     version: '1.2.0',
197 silly resolved     description: 'Native Abstractions for Node.js: C++ header for Node 0.8->0.12 compatibility',
197 silly resolved     main: 'include_dirs.js',
197 silly resolved     repository: { type: 'git', url: 'git://github.com/rvagg/nan.git' },
197 silly resolved     contributors: [ [Object], [Object], [Object], [Object], [Object], [Object] ],
197 silly resolved     license: 'MIT',
197 silly resolved     bugs: { url: 'https://github.com/rvagg/nan/issues' },
197 silly resolved     homepage: 'https://github.com/rvagg/nan',
197 silly resolved     _id: 'nan@1.2.0',
197 silly resolved     dist:
197 silly resolved      { shasum: '9c4d63ce9e4f8e95de2d574e18f7925554a8a8ef',
197 silly resolved        tarball: 'http://registry.npmjs.org/nan/-/nan-1.2.0.tgz' },
197 silly resolved     _from: 'nan@~1.2.0',
197 silly resolved     _npmVersion: '1.4.3',
197 silly resolved     _npmUser: { name: 'rvagg', email: 'rod@vagg.org' },
197 silly resolved     maintainers: [ [Object] ],
197 silly resolved     directories: {},
197 silly resolved     _shasum: '9c4d63ce9e4f8e95de2d574e18f7925554a8a8ef',
197 silly resolved     _resolved: 'https://registry.npmjs.org/nan/-/nan-1.2.0.tgz',
197 silly resolved     readme: 'ERROR: No README data found!' } ]
198 info install nan@1.2.0 into /Users/jbenet/git/ipfs/ipfs-app-examples/qr-render/node_modules/qr-js/node_modules/canvas
199 info installOne nan@1.2.0
200 info /Users/jbenet/git/ipfs/ipfs-app-examples/qr-render/node_modules/qr-js/node_modules/canvas/node_modules/nan unbuild
201 verbose tar unpack /Users/jbenet/.npm/nan/1.2.0/package.tgz
202 silly lockFile b96bc632--modules-canvas-node-modules-nan tar:///Users/jbenet/git/ipfs/ipfs-app-examples/qr-render/node_modules/qr-js/node_modules/canvas/node_modules/nan
203 verbose lock tar:///Users/jbenet/git/ipfs/ipfs-app-examples/qr-render/node_modules/qr-js/node_modules/canvas/node_modules/nan /Users/jbenet/.npm/b96bc632--modules-canvas-node-modules-nan.lock
204 silly lockFile 85521253-jbenet-npm-nan-1-2-0-package-tgz tar:///Users/jbenet/.npm/nan/1.2.0/package.tgz
205 verbose lock tar:///Users/jbenet/.npm/nan/1.2.0/package.tgz /Users/jbenet/.npm/85521253-jbenet-npm-nan-1-2-0-package-tgz.lock
206 silly gunzTarPerm modes [ '755', '644' ]
207 silly gunzTarPerm extractEntry package.json
208 silly gunzTarPerm extractEntry README.md
209 silly gunzTarPerm extractEntry LICENSE
210 silly gunzTarPerm extractEntry include_dirs.js
211 silly gunzTarPerm extractEntry .dntrc
212 silly gunzTarPerm extractEntry build/config.gypi
213 silly gunzTarPerm extractEntry nan.h
214 silly lockFile b96bc632--modules-canvas-node-modules-nan tar:///Users/jbenet/git/ipfs/ipfs-app-examples/qr-render/node_modules/qr-js/node_modules/canvas/node_modules/nan
215 silly lockFile b96bc632--modules-canvas-node-modules-nan tar:///Users/jbenet/git/ipfs/ipfs-app-examples/qr-render/node_modules/qr-js/node_modules/canvas/node_modules/nan
216 silly lockFile 85521253-jbenet-npm-nan-1-2-0-package-tgz tar:///Users/jbenet/.npm/nan/1.2.0/package.tgz
217 silly lockFile 85521253-jbenet-npm-nan-1-2-0-package-tgz tar:///Users/jbenet/.npm/nan/1.2.0/package.tgz
218 info preinstall nan@1.2.0
219 verbose readDependencies using package.json deps
220 verbose readDependencies using package.json deps
221 silly resolved []
222 verbose about to build /Users/jbenet/git/ipfs/ipfs-app-examples/qr-render/node_modules/qr-js/node_modules/canvas/node_modules/nan
223 info build /Users/jbenet/git/ipfs/ipfs-app-examples/qr-render/node_modules/qr-js/node_modules/canvas/node_modules/nan
224 verbose linkStuff [ false,
224 verbose linkStuff   false,
224 verbose linkStuff   false,
224 verbose linkStuff   '/Users/jbenet/git/ipfs/ipfs-app-examples/qr-render/node_modules/qr-js/node_modules/canvas/node_modules' ]
225 info linkStuff nan@1.2.0
226 verbose linkBins nan@1.2.0
227 verbose linkMans nan@1.2.0
228 verbose rebuildBundles nan@1.2.0
229 info install nan@1.2.0
230 info postinstall nan@1.2.0
231 verbose about to build /Users/jbenet/git/ipfs/ipfs-app-examples/qr-render/node_modules/qr-js/node_modules/canvas
232 info build /Users/jbenet/git/ipfs/ipfs-app-examples/qr-render/node_modules/qr-js/node_modules/canvas
233 verbose linkStuff [ false,
233 verbose linkStuff   false,
233 verbose linkStuff   false,
233 verbose linkStuff   '/Users/jbenet/git/ipfs/ipfs-app-examples/qr-render/node_modules/qr-js/node_modules' ]
234 info linkStuff canvas@1.1.6
235 verbose linkBins canvas@1.1.6
236 verbose linkMans canvas@1.1.6
237 verbose rebuildBundles canvas@1.1.6
238 verbose rebuildBundles [ 'nan' ]
239 info install canvas@1.1.6
240 verbose unsafe-perm in lifecycle true
241 info canvas@1.1.6 Failed to exec install script
242 info /Users/jbenet/git/ipfs/ipfs-app-examples/qr-render/node_modules/qr-js/node_modules/canvas unbuild
243 info preuninstall canvas@1.1.6
244 info uninstall canvas@1.1.6
245 verbose false,/Users/jbenet/git/ipfs/ipfs-app-examples/qr-render/node_modules,/Users/jbenet/git/ipfs/ipfs-app-examples/qr-render/node_modules/qr-js/node_modules unbuild canvas@1.1.6
246 info postuninstall canvas@1.1.6
247 verbose about to build /Users/jbenet/git/ipfs/ipfs-app-examples/qr-render/node_modules/qr-js
248 info /Users/jbenet/git/ipfs/ipfs-app-examples/qr-render/node_modules/qr-js unbuild
249 info preuninstall qr-js@1.1.2
250 info uninstall qr-js@1.1.2
251 verbose true,/Users/jbenet/git/ipfs/ipfs-app-examples/qr-render/node_modules,/Users/jbenet/git/ipfs/ipfs-app-examples/qr-render/node_modules unbuild qr-js@1.1.2
252 info postuninstall qr-js@1.1.2
253 error canvas@1.1.6 install: `node-gyp rebuild`
253 error Exit status 1
254 error Failed at the canvas@1.1.6 install script.
254 error This is most likely a problem with the canvas package,
254 error not with npm itself.
254 error Tell the author that this fails on your system:
254 error     node-gyp rebuild
254 error You can get their info via:
254 error     npm owner ls canvas
254 error There is likely additional logging output above.
255 error System Darwin 14.0.0
256 error command "node" "/usr/local/bin/npm" "install" "qr-js"
257 error cwd /Users/jbenet/git/ipfs/ipfs-app-examples/qr-render
258 error node -v v0.10.21
259 error npm -v 1.4.13
260 error code ELIFECYCLE
261 verbose exit [ 1, true ]
